TN:
SF:src\game\inventory.js
FN:4,Inventory
FN:10,addItem
FN:21,removeItem
FN:34,saveToRegistry
FNF:4
FNH:1
FNDA:1,Inventory
FNDA:0,addItem
FNDA:0,removeItem
FNDA:0,saveToRegistry
DA:1,1
DA:2,1
DA:3,1
DA:4,1
DA:5,1
DA:6,1
DA:7,1
DA:8,1
DA:9,1
DA:10,1
DA:11,0
DA:12,0
DA:13,0
DA:14,0
DA:15,0
DA:16,0
DA:17,0
DA:18,0
DA:19,1
DA:20,1
DA:21,1
DA:22,0
DA:23,0
DA:24,0
DA:25,0
DA:26,0
DA:27,0
DA:28,0
DA:29,0
DA:30,0
DA:31,0
DA:32,0
DA:33,1
DA:34,1
DA:35,0
DA:36,0
DA:37,1
LF:37
LH:16
BRDA:4,0,0,1
BRF:1
BRH:1
end_of_record
