TN:
SF:src\game\inventory.js
FN:4,Inventory
FN:10,addItem
FN:21,removeItem
FN:34,saveToRegistry
FNF:4
FNH:4
FNDA:4,Inventory
FNDA:1,addItem
FNDA:2,removeItem
FNDA:3,saveToRegistry
DA:1,1
DA:2,1
DA:3,1
DA:4,1
DA:5,4
DA:6,4
DA:7,4
DA:8,1
DA:9,1
DA:10,1
DA:11,1
DA:12,1
DA:13,0
DA:14,1
DA:15,1
DA:16,1
DA:17,1
DA:18,1
DA:19,1
DA:20,1
DA:21,1
DA:22,2
DA:23,2
DA:24,2
DA:25,2
DA:26,1
DA:27,1
DA:28,2
DA:29,2
DA:30,2
DA:31,0
DA:32,0
DA:33,1
DA:34,1
DA:35,3
DA:36,3
DA:37,1
LF:37
LH:34
BRDA:4,0,0,4
BRDA:6,1,0,2
BRDA:10,2,0,1
BRDA:12,3,0,0
BRDA:21,4,0,2
BRDA:25,5,0,1
BRDA:30,6,0,0
BRDA:22,7,0,2
BRDA:34,8,0,3
BRF:9
BRH:7
end_of_record
